[0.708s] Invoking command in '/home/ubuntu/ros2_ws2/build/turtlesim': CMAKE_PREFIX_PATH=${CMAKE_PREFIX_PATH}:/home/ubuntu/ros2_ws2/install/my_turtlebot:/home/ubuntu/ros2_ws2/install/my_package:/opt/ros/humble /usr/bin/cmake /home/ubuntu/ros2_ws2/src/ros_tutorials/turtlesim -DAMENT_CMAKE_SYMLINK_INSTALL=1 -DCMAKE_INSTALL_PREFIX=/home/ubuntu/ros2_ws2/install/turtlesim
[0.722s] -- Found ament_cmake: 1.3.11 (/opt/ros/humble/share/ament_cmake/cmake)
[0.893s] -- Override CMake install command with custom implementation using symlinks instead of copying resources
[0.905s] -- Found ament_index_cpp: 1.4.0 (/opt/ros/humble/share/ament_index_cpp/cmake)
[0.906s] -- Found geometry_msgs: 4.2.4 (/opt/ros/humble/share/geometry_msgs/cmake)
[0.945s] -- Found rosidl_generator_c: 3.1.6 (/opt/ros/humble/share/rosidl_generator_c/cmake)
[0.949s] -- Found rosidl_adapter: 3.1.6 (/opt/ros/humble/share/rosidl_adapter/cmake)
[0.955s] -- Found rosidl_generator_cpp: 3.1.6 (/opt/ros/humble/share/rosidl_generator_cpp/cmake)
[0.967s] -- Using all available rosidl_typesupport_c: rosidl_typesupport_fastrtps_c;rosidl_typesupport_introspection_c
[0.986s] -- Using all available rosidl_typesupport_cpp: rosidl_typesupport_fastrtps_cpp;rosidl_typesupport_introspection_cpp
[1.043s] -- Found rclcpp: 16.0.11 (/opt/ros/humble/share/rclcpp/cmake)
[1.072s] -- Found rmw_implementation_cmake: 6.1.2 (/opt/ros/humble/share/rmw_implementation_cmake/cmake)
[1.073s] -- Found rmw_fastrtps_cpp: 6.2.7 (/opt/ros/humble/share/rmw_fastrtps_cpp/cmake)
[1.260s] -- Using RMW implementation 'rmw_fastrtps_cpp' as default
[1.304s] -- Found rclcpp_action: 16.0.11 (/opt/ros/humble/share/rclcpp_action/cmake)
[1.349s] -- Found rosidl_default_generators: 1.2.0 (/opt/ros/humble/share/rosidl_default_generators/cmake)
[1.356s] -- Found std_srvs: 4.2.4 (/opt/ros/humble/share/std_srvs/cmake)
[1.796s] -- Found ament_cmake_ros: 0.10.0 (/opt/ros/humble/share/ament_cmake_ros/cmake)
[2.206s] -- Using all available rosidl_typesupport_c: rosidl_typesupport_fastrtps_c;rosidl_typesupport_introspection_c
[2.366s] -- Using all available rosidl_typesupport_cpp: rosidl_typesupport_fastrtps_cpp;rosidl_typesupport_introspection_cpp
[2.395s] -- Found python_cmake_module: 0.10.0 (/opt/ros/humble/share/python_cmake_module/cmake)
[2.423s] -- Using PYTHON_EXECUTABLE: /usr/bin/python3
[2.424s] -- Using PYTHON_INCLUDE_DIRS: /usr/include/python3.10
[2.424s] -- Using PYTHON_LIBRARIES: /usr/lib/x86_64-linux-gnu/libpython3.10.so
[2.466s] -- Configuring done
[2.561s] -- Generating done
[2.591s] -- Build files have been written to: /home/ubuntu/ros2_ws2/build/turtlesim
[2.613s] Invoked command in '/home/ubuntu/ros2_ws2/build/turtlesim' returned '0': CMAKE_PREFIX_PATH=${CMAKE_PREFIX_PATH}:/home/ubuntu/ros2_ws2/install/my_turtlebot:/home/ubuntu/ros2_ws2/install/my_package:/opt/ros/humble /usr/bin/cmake /home/ubuntu/ros2_ws2/src/ros_tutorials/turtlesim -DAMENT_CMAKE_SYMLINK_INSTALL=1 -DCMAKE_INSTALL_PREFIX=/home/ubuntu/ros2_ws2/install/turtlesim
[2.613s] Invoking command in '/home/ubuntu/ros2_ws2/build/turtlesim': CMAKE_PREFIX_PATH=${CMAKE_PREFIX_PATH}:/home/ubuntu/ros2_ws2/install/my_turtlebot:/home/ubuntu/ros2_ws2/install/my_package:/opt/ros/humble /usr/bin/cmake --build /home/ubuntu/ros2_ws2/build/turtlesim -- -j16 -l16
[2.669s] [35m[1mConsolidate compiler generated dependencies of target turtlesim__rosidl_generator_c[0m
[2.680s] failed to create symbolic link '/home/ubuntu/ros2_ws2/build/turtlesim/ament_cmake_python/turtlesim/turtlesim' because existing path cannot be removed: Is a directory
[2.681s] gmake[2]: *** [CMakeFiles/ament_cmake_python_symlink_turtlesim.dir/build.make:70: CMakeFiles/ament_cmake_python_symlink_turtlesim] Error 1
[2.681s] gmake[1]: *** [CMakeFiles/Makefile2:429: CMakeFiles/ament_cmake_python_symlink_turtlesim.dir/all] Error 2
[2.681s] gmake[1]: *** Waiting for unfinished jobs....
[2.682s] [  1%] Built target turtlesim__cpp
[2.686s] [ 11%] Built target turtlesim__rosidl_generator_c
[2.687s] gmake: *** [Makefile:146: all] Error 2
[2.691s] Invoked command in '/home/ubuntu/ros2_ws2/build/turtlesim' returned '2': CMAKE_PREFIX_PATH=${CMAKE_PREFIX_PATH}:/home/ubuntu/ros2_ws2/install/my_turtlebot:/home/ubuntu/ros2_ws2/install/my_package:/opt/ros/humble /usr/bin/cmake --build /home/ubuntu/ros2_ws2/build/turtlesim -- -j16 -l16
